<?xml version="1.0" encoding="UTF-8"?>
<!-- Generated by org.testng.reporters.JUnitReportReporter -->
<testsuite hostname="Hema" name="Testclases.AscentTest" tests="1" failures="0" timestamp="2 May 2025 07:20:53 GMT" time="2.449" errors="0">
  <testcase name="AscentAms" time="2.449" classname="Testclases.AscentTest"/>
</testsuite> <!-- Testclases.AscentTest -->
