<?xml version="1.0" encoding="UTF-8"?>
<!-- Generated by org.testng.reporters.JUnitReportReporter -->
<testsuite hostname="Hema" name="Testclases.AscentloginTest" tests="1" failures="0" timestamp="21 May 2025 15:20:51 GMT" time="18.340" errors="0">
  <testcase name="AscentArms" time="18.340" classname="Testclases.AscentloginTest"/>
</testsuite> <!-- Testclases.AscentloginTest -->
